<?xml version="1.0" encoding="UTF-8"?>
<testsuite xmlns:xsi="http://www.w3.org/2001/XMLSchema-instance" xsi:noNamespaceSchemaLocation="https://maven.apache.org/surefire/maven-surefire-plugin/xsd/surefire-test-report-3.0.xsd" version="3.0" name="domain.RockPaperScissorsTest" time="0.094" tests="9" errors="0" skipped="0" failures="1">
  <properties>
[...]
</properties>
  <testcase name="verifyMovesAndResults(Move,Move,Result)" classname="domain.RockPaperScissorsTest" time="0.029"/>
  <testcase name="verifyMovesAndResults(Move,Move,Result)" classname="domain.RockPaperScissorsTest" time="0.003">
    <failure type="org.opentest4j.AssertionFailedError"><![CDATA[org.opentest4j.AssertionFailedError: expected: <LOSE> but was: <WIN>
	at domain.RockPaperScissorsTest.verifyMovesAndResults(RockPaperScissorsTest.java:35)
]]></failure>
  </testcase>
  <testcase name="verifyMovesAndResults(Move,Move,Result)" classname="domain.RockPaperScissorsTest" time="0.001"/>
  <testcase name="verifyMovesAndResults(Move,Move,Result)" classname="domain.RockPaperScissorsTest" time="0.001"/>
  <testcase name="verifyMovesAndResults(Move,Move,Result)" classname="domain.RockPaperScissorsTest" time="0.002"/>
  <testcase name="verifyMovesAndResults(Move,Move,Result)" classname="domain.RockPaperScissorsTest" time="0.001"/>
  <testcase name="verifyMovesAndResults(Move,Move,Result)" classname="domain.RockPaperScissorsTest" time="0.001"/>
  <testcase name="verifyMovesAndResults(Move,Move,Result)" classname="domain.RockPaperScissorsTest" time="0.001"/>
  <testcase name="verifyMovesAndResults(Move,Move,Result)" classname="domain.RockPaperScissorsTest" time="0.001"/>
</testsuite>